{
  "0 debug pnpm:scope": {
    "selected": 1
  },
  "1 error pnpm": {
    "errno": 1,
    "code": "ELIFECYCLE",
    "pkgid": "@femate/fastool@0.0.1",
    "stage": "dev",
    "script": " cross-env NODE_ENV=dev rollup -c -w",
    "pkgname": "@femate/fastool",
    "err": {
      "name": "pnpm",
      "message": "@femate/fastool@0.0.1 dev: ` cross-env NODE_ENV=dev rollup -c -w`\nExit status 1",
      "code": "ELIFECYCLE",
      "stack": "pnpm: @femate/fastool@0.0.1 dev: ` cross-env NODE_ENV=dev rollup -c -w`\nExit status 1\n    at EventEmitter.<anonymous> (D:\\Users\\Administrator\\AppData\\Roaming\\nvm\\v16.15.1\\node_modules\\pnpm\\dist\\pnpm.cjs:107358:20)\n    at EventEmitter.emit (node:events:527:28)\n    at ChildProcess.<anonymous> (D:\\Users\\Administrator\\AppData\\Roaming\\nvm\\v16.15.1\\node_modules\\pnpm\\dist\\pnpm.cjs:93924:18)\n    at ChildProcess.emit (node:events:527:28)\n    at maybeClose (node:internal/child_process:1092:16)\n    at Process.ChildProcess._handle.onexit (node:internal/child_process:302:5)"
    }
  },
  "2 warn pnpm:global": " Local package.json exists, but node_modules missing, did you mean to install?"
}